0:100  0:100  MemLog inited, TSC freq: 2808439820
0:100  0:000  CPU was calibrated with RTC
0:100  0:000  
0:100  0:000  Now is 21.6.2018,  4:22:41 (GMT)
0:100  0:000  Starting Clover revision: 4558 on American Megatrends EFI
0:100  0:000  Build with: [Args: --no-ext -D NO_GRUB_DRIVERS_EMBEDDED | -D NO_GRUB_DRIVERS_EMBEDDED -D USE_LOW_EBDA -a X64 -b RELEASE -t XCODE8 -n 5 | OS: 10.13.5 | XCODE: 9.4.1]
0:100  0:000  SelfDevicePath=PciRoot(0x0)\Pci(0x1D,0x0)\Pci(0x0,0x0)\NVMe(0x1,56-F7-2C-00-02-0D-08-00)\HD(1,GPT,2AFAE950-FECA-01D3-A870-7D1565FFE900,0x800,0x133000) @A8FA1818
0:100  0:000  SelfDirPath = \EFI\CLOVER
0:103  0:003  === [ Get Smbios ] ========================================
0:103  0:000  Type 16 Index = 0
0:103  0:000  Total Memory Slots Count = 2
0:103  0:000  Type 17 Index = 0
0:103  0:000  SmbiosTable.Type17->Speed = 2133MHz
0:103  0:000  SmbiosTable.Type17->Size = 8192MB
0:103  0:000  SmbiosTable.Type17->Bank/Device = BANK 0 DIMM A
0:103  0:000  SmbiosTable.Type17->Vendor = Micron
0:103  0:000  SmbiosTable.Type17->SerialNumber = 12161215
0:103  0:000  SmbiosTable.Type17->PartNumber = 8ATF1G64HZ-2G3B1    
0:103  0:000  Type 17 Index = 1
0:103  0:000  Ignoring insane frequency value 0MHz
0:103  0:000  SmbiosTable.Type17->Speed = 0MHz
0:103  0:000  SmbiosTable.Type17->Size = 0MB
0:103  0:000  SmbiosTable.Type17->Bank/Device = BANK 2 DIMM B
0:103  0:000  SmbiosTable.Type17->Vendor = <null string>
0:103  0:000  SmbiosTable.Type17->SerialNumber = <null string>
0:103  0:000  SmbiosTable.Type17->PartNumber = <null string>
0:103  0:000  Boot status=0
0:103  0:000  Running on: 'Latitude E7470' with board '0T6HHJ'
0:103  0:000  === [ GetCPUProperties ] ==================================
0:103  0:000  CPU Vendor = 756E6547 Model=406E3
0:103  0:000   The CPU supported SSE4.1
0:103  0:000  BrandString = Intel(R) Core(TM) i7-6600U CPU @ 2.60GHz
0:103  0:000   The CPU supported turbo
0:103  0:000  MSR 0x35               20004
0:103  0:000   TSC/CCC Information Leaf:
0:103  0:000    numerator     : 234
0:103  0:000    denominator   : 2
0:103  0:000   Calibrated ARTFrequency: 24003759
0:103  0:000  MSR 0xE2 before patch 7E008006
0:103  0:000  MSR 0xE2 is locked, PM patches will be turned on
0:103  0:000  MSR 0xCE              0004043D_F1011C00
0:103  0:000  corrected FLEX_RATIO = 0
0:103  0:000  MSR 0x1B0             00000000
0:103  0:000  FSBFrequency = 93 MHz, DMI FSBFrequency = 100 MHz, Corrected FSBFrequency = 100 MHz
0:103  0:000  MaxDiv/MinDiv: 28.0/4
0:103  0:000  Turbo: 32/32/32/34
0:103  0:000  Features: 0xBFEBFBFF
0:103  0:000  Threads: 4
0:103  0:000  Cores: 2
0:103  0:000  FSB: 100 MHz
0:103  0:000  CPU: 2600 MHz
0:103  0:000  TSC: 2600 MHz
0:103  0:000  PIS: 100 MHz
0:103  0:000  ExternalClock: 25 MHz
0:103  0:000  === [ GetDevices ] ========================================
0:103  0:000  PCI (00|00:00.00) : 8086 1904 class=060000
0:103  0:000  PCI (00|00:02.00) : 8086 1916 class=030000
0:103  0:000   - GFX: Model=Intel HD Graphics 520 (Intel)
0:103  0:000  PCI (00|00:04.00) : 8086 1903 class=118000
0:103  0:000  PCI (00|00:14.00) : 8086 9D2F class=0C0330
0:103  0:000  PCI (00|00:14.02) : 8086 9D31 class=118000
0:103  0:000  PCI (00|00:16.00) : 8086 9D3A class=078000
0:103  0:000  PCI (00|00:17.00) : 8086 9D03 class=010601
0:103  0:000  PCI (00|00:1C.00) : 8086 9D14 class=060400
0:103  0:000  PCI (00|01:00.00) : 14E4 43B1 class=028000
0:103  0:000   - WIFI: Vendor=Broadcom
0:103  0:000  PCI (00|00:1D.00) : 8086 9D18 class=060400
0:103  0:000  PCI (00|02:00.00) : 1179 0116 class=010802
0:103  0:000  PCI (00|00:1D.02) : 8086 9D1A class=060400
0:103  0:000  PCI (00|03:00.00) : 10EC 525A class=FF0000
0:103  0:000  PCI (00|00:1F.00) : 8086 9D48 class=060100
0:103  0:000  PCI (00|00:1F.02) : 8086 9D21 class=058000
0:103  0:000  PCI (00|00:1F.03) : 8086 9D70 class=040300
0:103  0:000  PCI (00|00:1F.04) : 8086 9D23 class=0C0500
0:103  0:000  PCI (00|00:1F.06) : 8086 156F class=020000
0:103  0:000   - LAN: 0 Vendor=Intel
0:103  0:000  === [ GetDefaultSettings ] ================================
0:103  0:000  Clover load options size = 166 bytes
0:110  0:007  EFI\CLOVER\.plist not loaded with name from LoadOptions: Invalid Parameter
0:122  0:011  EFI\CLOVER\config.plist loaded: Success
0:126  0:003  === [ GetListOfThemes ] ===================================
0:128  0:002  - [00]: embedded
0:134  0:006  - [00]: random
0:140  0:006  - [00]: mac_s
0:148  0:008  === [ Found config plists ] ===============================
0:150  0:002  - config.plist
0:152  0:002  - config-org.plist
0:153  0:001  === [ GetEarlyUserSettings ] ==============================
0:153  0:000  timeout set to 3
0:153  0:000  Custom boot CUSTOM_BOOT_DISABLED (0x0)
0:154  0:000  ForceKextsToLoad: 1 requested
0:154  0:000   - [0]: System\Library\Extensions\IONVMeFamily.kext
0:154  0:000  KextsToPatch: 8 requested
0:154  0:000   - [00]: IOBluetoothFamily (BCM BT Hand-off (10.11.x ->10.12.x)) :: BinPatch :: data len: 8
0:154  0:000   - [01]: AppleIntelSKLGraphicsFramebuffer (HD 520 HDMI # 1) :: BinPatch :: data len: 8
0:154  0:000   - [02]: com.apple.driver.usb.AppleUSBXHCIPCI (change 15 port limit to 26 in XHCI kext (100-series) 10.12) :: MatchOS: 10.13.4+ :: BinPatch :: data len: 10
0:154  0:000   - [03]: AirPortBrcm4360 (BCM94352 5 GHz US (10.12.x)) :: BinPatch :: data len: 7
0:154  0:000   - [04]: AppleAHCIPort (External icons patch) :: BinPatch :: data len: 8
0:154  0:000   - [05]: AppleBacklight (change F%uT%04x to F%uTxxxx for AppleBacklightInjector.kext (credit RehabMan)) :: BinPatch :: data len: 9
0:154  0:000   - [06]: IOGraphicsFamily (Boot graphics glitch, 10.13.x (credit lisai9093, cecekpawon)) :: MatchOS: 10.13.x :: BinPatch :: data len: 5
0:154  0:000   - [07]: AppleIntelSKLGraphicsFramebuffer (Disable minStolen Size Mojave Dev Beta 2 for KabyLake) :: BinPatch :: data len: 8
0:154  0:000   - patch disabled at config
0:154  0:000  Default theme: mac_s
0:154  0:000  Hiding entries with string Preboot
0:154  0:000  Hiding entries with string Recovery
0:154  0:000  === [ LoadDrivers ] =======================================
0:157  0:003  Loading AppleImageCodec-64.efi  status=Success
0:176  0:019  Loading AppleKeyAggregator-64.efi  status=Success
0:192  0:015  Loading AppleUITheme-64.efi  status=Success
0:209  0:017  Loading DataHubDxe-64.efi  status=Success
0:239  0:029  Loading FirmwareVolume-64.efi  status=Success
0:256  0:016  Loading FSInject-64.efi  status=Success
0:271  0:015  Loading SMCHelper-64.efi  status=Success
0:287  0:015  Loading apfs.efi  status=Success
0:309  0:022   - driver needs connecting
0:310  0:000  Loading AptioMemoryFix.efi  status=Success
0:328  0:018  Loading HFSPlus.efi  status=Success
0:345  0:016   - driver needs connecting
0:345  0:000  Loading NTFS.efi  status=Success
0:364  0:018   - driver needs connecting
0:365  0:001  3 drivers needs connecting ...
0:365  0:000  PlatformDriverOverrideProtocol not found. Installing ... Success
0:365  0:000  HFS+ driver loaded
0:365  0:000  APFS driver loaded
0:365  0:000  Searching for invalid DiskIo BY_DRIVER connects: not found, all ok
0:956  0:590  === [ InitScreen ] ========================================
0:956  0:000  SetScreenResolution: 1920x1080 - already set
0:956  0:000  Console modes reported: 4, available modes:
0:956  0:000   - [01]: 80x25
0:956  0:000   - [02]: 80x50
0:956  0:000   - [03]: 100x31
0:956  0:000   - [04]: 240x56 (current mode)
0:956  0:000  reinit: self device path=PciRoot(0x0)\Pci(0x1D,0x0)\Pci(0x0,0x0)\NVMe(0x1,56-F7-2C-00-02-0D-08-00)\HD(1,GPT,2AFAE950-FECA-01D3-A870-7D1565FFE900,0x800,0x133000)
0:961  0:004  Using embedded font: Success
0:961  0:000  === [ GetMacAddress ] =====================================
0:961  0:000  === [ ScanSPD ] ===========================================
0:962  0:000  SMBus device : 8086 9D23 class=0C0500 status=Success
0:962  0:000  SMBus CmdReg: 0x3
0:962  0:000  Scanning SMBus [8086:9D23], mmio: 0xE1552004, ioport: 0xF040, hostc: 0x11
0:962  0:000  Slots to scan [8]...
0:962  0:000  SPD[0]: Type 12 @0x50
0:980  0:017  DDR speed 2400MHz
0:980  0:000  Slot: 0 Type 26 8192MB 2400MHz Vendor=Micron Technology PartNo=8ATF1G64HZ-2G3B1 SerialNo=0106000909060F00
0:981  0:001  === [ GetAcpiTablesList ] =================================
0:985  0:003  Get Acpi Tables List from RSDT:
0:985  0:000   - [00]: FACP  CBX3    len=132
0:985  0:000   - [01]: APIC  CBX3    len=132
0:985  0:000   - [02]: FPDT  CBX3    len=68
0:985  0:000   - [03]: MCFG  CBX3    len=60
0:985  0:000   - [04]: HPET  CBX3    len=56
0:985  0:000   - [05]: SSDT  SataTabl len=1133
0:985  0:000   - [06]: WSMT  CBX3    len=40
0:985  0:000   - [07]: LPIT  SKL-ULT len=148
0:985  0:000   - [08]: SSDT  sensrhub len=584
0:985  0:000   - [09]: SSDT  PtidDevc len=11182
0:985  0:000   - [10]: SSDT  xh_rvp07 len=2068
0:985  0:000   - [11]: DBGP   len=52
0:985  0:000   - [12]: DBG2   len=84
0:985  0:000   - [13]: SSDT  SaSsdt  len=13786
0:985  0:000   - [14]: UEFI   len=66
0:985  0:000   - [15]: SSDT  CpuSsdt len=3699
0:985  0:000   - [16]: SSDT  DptfTabl len=15357
0:985  0:000   - [17]: MSDM  CBX3    len=85
0:985  0:000   - [18]: SLIC  CBX3    len=374
0:985  0:000   - [19]: TCPA  NAPAASF len=50
0:985  0:000   - [20]: BGRT   len=56
0:985  0:000   - [21]: DMAR  SKL  len=168
0:985  0:000   - [22]: ASF!   HCG len=165
0:985  0:000  Calibrated TSC Frequency = 2808439820 = 2808MHz
0:985  0:000  === [ GetUserSettings ] ===================================
0:985  0:000  Injected EFIString of length 0
0:985  0:000  USB FixOwnership: yes
0:985  0:000  Dropping 1 tables:
0:985  0:000   - [00]: Drop table  signature="DMAR" (52414D44)
0:985  0:000           - set table: 52414D44,                0 to drop: yes
0:985  0:000   - final DSDT Fix mask=10000000
0:985  0:000  PatchesDSDT: 2 requested
0:985  0:000   - [00]: (change EHC1 to EH01) lenToFind: 4, lenToReplace: 4, Target Bridge: <null string>
0:985  0:000   - [01]: (change EHC2 to EH02) lenToFind: 4, lenToReplace: 4, Target Bridge: <null string>
0:985  0:000  PluginType: 1
0:985  0:000  Using ProductName from config: MacBookPro13,1
0:985  0:000  Using latest BiosVersion from clover
0:985  0:000  BiosVersion: MBP131.88Z.0220.B00.1804091552
0:985  0:000  BiosReleaseDate: 04/09/2018
0:985  0:000  Using FirmwareFeatures from config: 0xFC0FE136
0:985  0:000  Using FirmwareFeaturesMask from config: 0xFF1FFF3F
0:985  0:000  Board-ID set from config as Mac-473D31EABEB93F9B
0:985  0:000  BoardType: 0xA
0:985  0:000  ChassisType: 0x9
0:990  0:004  === [ Found DSDT tables ] =================================
0:992  0:002  - DSDT.aml
2:382  1:390  === [ ScanVolumes ] =======================================
2:382  0:000  Found 7 volumes with blockIO
2:382  0:000  - [00]: Volume: PciRoot(0x0)\Pci(0x1D,0x0)\Pci(0x0,0x0)\NVMe(0x1,56-F7-2C-00-02-0D-08-00)
2:383  0:001  - [01]: Volume: PciRoot(0x0)\Pci(0x1D,0x0)\Pci(0x0,0x0)\NVMe(0x1,56-F7-2C-00-02-0D-08-00)\HD(1,GPT,2AFAE950-FECA-01D3-A870-7D1565FFE900,0x800,0x133000)
2:385  0:001          Result of bootcode detection: bootable Windows (vista,win)
2:389  0:004          This is SelfVolume !!
2:389  0:000  - [02]: Volume: PciRoot(0x0)\Pci(0x1D,0x0)\Pci(0x0,0x0)\NVMe(0x1,56-F7-2C-00-02-0D-08-00)\HD(2,GPT,5037FBF0-0318-01D4-F8F9-12288C01EA00,0x133800,0x10D2D628)
2:390  0:001  - [03]: Volume: PciRoot(0x0)\Pci(0x1D,0x0)\Pci(0x0,0x0)\NVMe(0x1,56-F7-2C-00-02-0D-08-00)\HD(3,GPT,A4E5454A-2047-404B-B3D4-6F63A4453E94,0x10E60E28,0x135F20)
2:391  0:001          hiding this volume
2:391  0:000  - [04]: Volume: PciRoot(0x0)\Pci(0x1D,0x0)\Pci(0x0,0x0)\NVMe(0x1,56-F7-2C-00-02-0D-08-00)\HD(4,GPT,13FF851C-33C5-4194-A1BD-337D1E59F324,0x10F96D48,0x366B2B8)
2:392  0:001  - [05]: Volume: PciRoot(0x0)\Pci(0x1D,0x0)\Pci(0x0,0x0)\NVMe(0x1,56-F7-2C-00-02-0D-08-00)\HD(5,GPT,0000A457-19C0-10BF-D6FF-F715AE480100,0x14642000,0x96B1000)
2:393  0:001          Result of bootcode detection: bootable Windows (win)
2:393  0:000  - [06]: Volume: PciRoot(0x0)\Pci(0x1D,0x2)\Pci(0x0,0x0)
2:393  0:000  === [ InitTheme ] =========================================
2:415  0:021  Using theme 'mac_s' (EFI\CLOVER\themes\mac_s)
2:421  0:006  Loading font from ThemeDir: Success
2:421  0:000  Chosen theme mac_s
2:421  0:000  found boot-args in NVRAM:, size=1
2:421  0:000  after NVRAM boot-args=dart=0 nv_disable=1 -alcbeta  abm_firstpolldelay=16000 -lilubetaall slide=0 kext-dev-mode=1
2:421  0:000  === [ Dump SMC keys from NVRAM ] ==========================
2:421  0:000  found AppleSMC protocol
2:449  0:027  Registered 18 SMC keys
2:451  0:002  === [ AddCustomEntries ] ==================================
2:451  0:000  Custom entry 0 Title:"Windows" Path:"\EFI\Microsoft\Boot\bootmgfw.efi" Options:"-s -h" Type:7 Flags:0x0 matching all volumes
2:451  0:000      Checking volume "EFI" (PciRoot(0x0)\Pci(0x1D,0x0)\Pci(0x0,0x0)\NVMe(0x1,56-F7-2C-00-02-0D-08-00)\HD(1,GPT,2AFAE950-FECA-01D3-A870-7D1565FFE900,0x800,0x133000)) ... match!
2:468  0:016  Custom settings: <null string>.plist will  be applied
2:468  0:000      Checking volume "Macintosh NVMe" (PciRoot(0x0)\Pci(0x1D,0x0)\Pci(0x0,0x0)\NVMe(0x1,56-F7-2C-00-02-0D-08-00)\HD(2,GPT,5037FBF0-0318-01D4-F8F9-12288C01EA00,0x133800,0x10D2D628)) ... skipped because path does not exist
2:468  0:000      Checking volume "Recovery HD" (PciRoot(0x0)\Pci(0x1D,0x0)\Pci(0x0,0x0)\NVMe(0x1,56-F7-2C-00-02-0D-08-00)\HD(3,GPT,A4E5454A-2047-404B-B3D4-6F63A4453E94,0x10E60E28,0x135F20)) ... skipped because volume is hidden
2:468  0:000      Checking volume "Mojave1014" (PciRoot(0x0)\Pci(0x1D,0x0)\Pci(0x0,0x0)\NVMe(0x1,56-F7-2C-00-02-0D-08-00)\HD(4,GPT,13FF851C-33C5-4194-A1BD-337D1E59F324,0x10F96D48,0x366B2B8)) ... skipped because path does not exist
2:468  0:000      Checking volume "Windows" (PciRoot(0x0)\Pci(0x1D,0x0)\Pci(0x0,0x0)\NVMe(0x1,56-F7-2C-00-02-0D-08-00)\HD(5,GPT,0000A457-19C0-10BF-D6FF-F715AE480100,0x14642000,0x96B1000)) ... skipped because path does not exist
2:469  0:001  === [ ScanLoader ] ========================================
2:469  0:000  - [01]: 'EFI'
2:484  0:015          AddLoaderEntry for Volume Name=EFI
2:484  0:000       skipped because path `PciRoot(0x0)\Pci(0x1D,0x0)\Pci(0x0,0x0)\NVMe(0x1,56-F7-2C-00-02-0D-08-00)\HD(1,GPT,2AFAE950-FECA-01D3-A870-7D1565FFE900,0x800,0x133000)\EFI\microsoft\Boot\bootmgfw.efii` already exists for another entry!
2:498  0:014          AddLoaderEntry for Volume Name=EFI
2:498  0:000          skipped because entry is hidden
2:498  0:000  - [02]: 'Macintosh NVMe'
2:507  0:008          AddLoaderEntry for Volume Name=Macintosh NVMe
2:515  0:008      hibernated: set as never
2:531  0:015  - [03]: 'Recovery HD', hidden
2:531  0:000  - [04]: 'Mojave1014'
2:533  0:002          AddLoaderEntry for Volume Name=Mojave1014
2:548  0:014  - [05]: 'Windows'
2:569  0:021  === [ AddCustomTool ] =====================================
2:587  0:017  === [ GetEfiBootDeviceFromNvram ] =========================
2:587  0:000   - efi-boot-device-data: PciRoot(0x0)\Pci(0x1D,0x0)\Pci(0x0,0x0)\NVMe(0x1,56-F7-2C-00-02-0D-08-00)\HD(2,GPT,5037FBF0-0318-01D4-F8F9-12288C01EA00,0x133800,0x10D2D628)
2:587  0:000    - Volume: 'PciRoot(0x0)\Pci(0x1D,0x0)\Pci(0x0,0x0)\NVMe(0x1,56-F7-2C-00-02-0D-08-00)\HD(2,GPT,5037FBF0-0318-01D4-F8F9-12288C01EA00,0x133800,0x10D2D628)'
2:587  0:000    - LoaderPath: '<null string>'
2:587  0:000    - Guid = 5037FBF0-0318-01D4-F8F9-12288C01EA00
2:587  0:000  === [ FindStartupDiskVolume ] =============================
2:587  0:000    - Volume: partition = PciRoot(0x0)\Pci(0x1D,0x0)\Pci(0x0,0x0)\NVMe(0x1,56-F7-2C-00-02-0D-08-00)\HD(2,GPT,5037FBF0-0318-01D4-F8F9-12288C01EA00,0x133800,0x10D2D628)
2:587  0:000     - searching for that partition
2:587  0:000      - found entry 1. 'Macintosh NVMe', Volume 'Macintosh NVMe'
2:587  0:000  Boot redirected to Entry 1. 'Macintosh NVMe'
2:587  0:000  DefaultIndex=1 and MainMenu.EntryCount=7
2:918  0:330  GUI ready
6:863  3:944  BootVariable of the entry is empty
6:863  0:000  === [ StartLoader ] =======================================
6:863  0:000  Finally: ExternalClock=26MHz BusSpeed=100302kHz CPUFreq=2808MHz PIS: hw.busfrequency=104000000Hz
6:863  0:000  Loading boot.efi  status=Success
6:931  0:068  GetOSVersion: 10.13.5 (17F77)
6:931  0:000  CSR_CFG: CSR_ALLOW_UNTRUSTED_KEXTS | CSR_ALLOW_UNRESTRICTED_FS | CSR_ALLOW_TASK_FOR_PID | CSR_ALLOW_UNRESTRICTED_DTRACE | CSR_ALLOW_UNRESTRICTED_NVRAM
6:931  0:000  Filtering KextPatches:
6:931  0:000   - [00]: IOBluetoothFamily (BCM BT Hand-off (10.11.x ->10.12.x)) :: BinPatch :: [OS: 10.13.5 | MatchOS: All | MatchBuild: All] ==> allowed
6:931  0:000   - [01]: AppleIntelSKLGraphicsFramebuffer (HD 520 HDMI # 1) :: BinPatch :: [OS: 10.13.5 | MatchOS: All | MatchBuild: All] ==> allowed
6:931  0:000   - [02]: com.apple.driver.usb.AppleUSBXHCIPCI (change 15 port limit to 26 in XHCI kext (100-series) 10.12) :: BinPatch :: [OS: 10.13.5 | MatchOS: 10.13.4+ | MatchBuild: All] ==> not allowed
6:931  0:000   - [03]: AirPortBrcm4360 (BCM94352 5 GHz US (10.12.x)) :: BinPatch :: [OS: 10.13.5 | MatchOS: All | MatchBuild: All] ==> allowed
6:931  0:000   - [04]: AppleAHCIPort (External icons patch) :: BinPatch :: [OS: 10.13.5 | MatchOS: All | MatchBuild: All] ==> allowed
6:931  0:000   - [05]: AppleBacklight (change F%uT%04x to F%uTxxxx for AppleBacklightInjector.kext (credit RehabMan)) :: BinPatch :: [OS: 10.13.5 | MatchOS: All | MatchBuild: All] ==> allowed
6:931  0:000   - [06]: IOGraphicsFamily (Boot graphics glitch, 10.13.x (credit lisai9093, cecekpawon)) :: BinPatch :: [OS: 10.13.5 | MatchOS: 10.13.x | MatchBuild: All] ==> allowed
6:931  0:000   - [07]: AppleIntelSKLGraphicsFramebuffer (Disable minStolen Size Mojave Dev Beta 2 for KabyLake) :: BinPatch :: [OS: 10.13.5 | MatchOS: All | MatchBuild: All] ==> disabled by user
6:931  0:000  Will not patch boot.efi
6:931  0:000  === [ PatchSmbios ] =======================================
6:931  0:000  insert table 9 for dev 1F:6
6:931  0:000  insert table 9 for dev 0:0
6:932  0:000  Trusting SMBIOS...
6:932  0:000  Channels: 1
6:932  0:000  Interleave: 0 1 2 3 4 5 6 7 8 9 10 11 12 13 14 15 16 17 18 19 20 21 22 23
6:932  0:000   partNum=8ATF1G64HZ-2G3B1    
6:932  0:000  SMBIOS Type 17 Index = 0 => 0 0:
6:932  0:000  BANK 0 DIMM0 2400MHz 8192MB
6:932  0:000  SMBIOS Type 17 Index = 1 => 1 1:
6:932  0:000  BANK 0 DIMM1 EMPTY
6:932  0:000  mTotalSystemMemory = 8192
6:932  0:000  NumberOfMemoryDevices = 2
6:932  0:000  Type20[0]->End = 0x7FFFFF, Type17[0] = 0x2000
6:932  0:000  Table 131 is present, CPUType=35
6:932  0:000  Change to: 705
6:932  0:000  === [ PatchACPI ] =========================================
6:932  0:000  Xsdt reallocation done
6:932  0:000  old FADT length=10C
6:932  0:000   SignatureFixup: 0x520835BE -> 0x0
6:932  0:000  Found OperationRegion(GNVS, SystemMemory, ABE4C000, ...)
6:932  0:000  Found OperationRegion(EXBU, SystemMemory, ABE54000, ...)
6:932  0:000  Found OperationRegion(OGNV, SystemMemory, AC268000, ...)
6:932  0:000  Found OperationRegion(DEGA, SystemMemory, ABE3B000, ...)
6:932  0:000  Found OperationRegion(CPSB, SystemMemory, ABE52F18, ...)
6:932  0:000  Found OperationRegion(PNVA, SystemMemory, ABE52B98, ...)
6:933  0:000  Found OperationRegion(THBA, SystemMemory, FE200000, ...)
6:934  0:001  Found OperationRegion(ITSS, SystemMemory, FDC43100, ...)
6:934  0:000  Found OperationRegion(NVID, SystemMemory, F0100000, ...)
6:934  0:000  Found OperationRegion(DXHC, SystemMemory, FED1F418, ...)
6:934  0:000  Found OperationRegion(HWIG, SystemMemory, F00E0019, ...)
6:934  0:000  Found OperationRegion(UWIG, SystemMemory, F00E5019, ...)
6:934  0:000  Found OperationRegion(ABNV, SystemMemory, ABE37000, ...)
6:934  0:000  Found OperationRegion(TMMB, SystemMemory, FED40000, ...)
6:934  0:000  Found OperationRegion(CRBD, SystemMemory, FED40000, ...)
6:934  0:000  Found OperationRegion(TPMR, SystemMemory, FFFFFFFF, ...)
6:935  0:000  Found OperationRegion(ATNV, SystemMemory, ABE52918, ...)
6:935  0:000  Found OperationRegion(WWPR, SystemMemory, ABE36000, ...)
6:935  0:000  Found OperationRegion(PDW0, SystemMemory, FDAE05B8, ...)
6:935  0:000  Found OperationRegion(PDW0, SystemMemory, FDAE05B8, ...)
6:938  0:003  DSDT found in Clover volume OEM folder: EFI\CLOVER\ACPI\patched\DSDT.aml
6:945  0:007  Apply DsdtFixMask=0x10000000
6:945  0:000     drop _DSM mask=0x0000
6:945  0:000  === [ FixBiosDsdt ] =======================================
6:945  0:000  VideoCard devID=0x19168086
6:945  0:000  DisplayADR1[0] = 0x20000, DisplayADR2[0] = 0xFFFE
6:945  0:000  USBADR[0] = 0x140000 and PCIe = 0xFFFE
6:945  0:000  Found Airport BCM at 0x1C0000, 0x0
6:959  0:014  Audio HDA (addr:0x1F0003) setting specified layout-id=11 (0xB)
6:959  0:000  Patching DSDT:
6:959  0:000   - [change EHC1 to EH01]: pattern 45484331, bin not found / already patched!
6:960  0:000   - [change EHC2 to EH02]: pattern 45484332, bin not found / already patched!
6:960  0:000    0 replacements
6:960  0:000  first CPU found at 7D2C offset 7D2F
6:960  0:000  score candidate at 7D28
6:960  0:000  score inserted in acpi_cpu_score _PR_
6:960  0:000  Found ACPI CPU: CPU0 | CPU1 | CPU2 | CPU3 | CPU4 | CPU5 | CPU6 | CPU7 , within the score: _PR_
6:960  0:000    indirect name=PNVB
6:960  0:000  OperationRegion (PDW0...) corrected to addr=0xFDAE05B8
6:960  0:000  OperationRegion (PDW0...) corrected to addr=0xFDAE05B8
6:960  0:000  OperationRegion (PDW0...) corrected to addr=0xFDAE05B8
6:960  0:000  OperationRegion (PDW0...) corrected to addr=0xFDAE05B8
6:960  0:000  OperationRegion (PDW0...) corrected to addr=0xFDAE05B8
6:960  0:000  OperationRegion (PDW0...) corrected to addr=0xFDAE05B8
6:960  0:000  OperationRegion (PDW0...) corrected to addr=0xFDAE05B8
6:960  0:000  OperationRegion (PDW0...) corrected to addr=0xFDAE05B8
6:960  0:000  OperationRegion (PDW0...) corrected to addr=0xFDAE05B8
6:960  0:000  OperationRegion (PDW0...) corrected to addr=0xFDAE05B8
6:960  0:000  OperationRegion (PDW0...) corrected to addr=0xFDAE05B8
6:961  0:000  OperationRegion (PDW0...) corrected to addr=0xFDAE05B8
6:961  0:000  OperationRegion (PDW0...) corrected to addr=0xFDAE05B8
6:961  0:000  OperationRegion (PDW0...) corrected to addr=0xFDAE05B8
6:961  0:000  OperationRegion (THBA...) corrected to addr=0xFE200000
6:961  0:000    indirect name=TPMM
6:961  0:000    indirect name=FTPM
6:961  0:000    indirect name=PPIM
6:961  0:000    indirect name=SMBA
6:961  0:000  OperationRegion (WWPR...) corrected to addr=0xABE36000
6:961  0:000  OperationRegion (WWPR...) corrected to addr=0xABE36000
6:961  0:000  OperationRegion (WWPR...) corrected to addr=0xABE36000
6:961  0:000  OperationRegion (WWPR...) corrected to addr=0xABE36000
6:961  0:000  OperationRegion (WWPR...) corrected to addr=0xABE36000
6:961  0:000  PreCleanup XSDT: count=23, length=220
6:961  0:000  PreCleanup XSDT, corrected XSDT: count=23, length=220
6:961  0:000  === [ ACPIDropTables ] ====================================
6:961  0:000  Drop tables from XSDT, SIGN=DMAR TableID=SKL  Length=168
6:961  0:000   Table[21]: DMAR  SKL   168 dropped
6:961  0:000  === [ DropSSDT ] ==========================================
6:961  0:000  Drop tables from XSDT, SIGN=SSDT TableID= Length=0
6:961  0:000   Table[5]: SSDT  SataTabl  1133 dropped
6:961  0:000   Table[8]: SSDT  sensrhub  584 dropped
6:961  0:000   Table[9]: SSDT  PtidDevc  11182 dropped
6:961  0:000   Table[10]: SSDT  xh_rvp07  2068 dropped
6:961  0:000   Table[13]: SSDT  SaSsdt   13786 dropped
6:961  0:000   Table[15]: SSDT  CpuSsdt  3699 dropped
6:961  0:000   Table[16]: SSDT  DptfTabl  15357 dropped
6:961  0:000  === [ ACPIPatchedAML ] ====================================
6:961  0:000  Sorted
6:961  0:000  Inserting table[0]:SSDT.aml from EFI\CLOVER\ACPI\patched: size=1903 ... Success
6:966  0:005  Inserting table[1]:SSDT-0.aml from EFI\CLOVER\ACPI\patched: size=1178 ... Success
6:970  0:004  Inserting table[2]:SSDT-1.aml from EFI\CLOVER\ACPI\patched: size=145 ... Success
6:974  0:004  Inserting table[3]:SSDT-2.aml from EFI\CLOVER\ACPI\patched: size=13175 ... Success
6:978  0:004  Inserting table[4]:SSDT-3.aml from EFI\CLOVER\ACPI\patched: size=2802 ... Success
6:982  0:004  Inserting table[5]:SSDT-4.aml from EFI\CLOVER\ACPI\patched: size=14065 ... Success
6:986  0:004  Inserting table[6]:SSDT-5.aml from EFI\CLOVER\ACPI\patched: size=3812 ... Success
6:990  0:004  Inserting table[7]:SSDT-6.aml from EFI\CLOVER\ACPI\patched: size=16588 ... Success
7:004  0:013  Inserting table[8]:SSDT-PNLF.aml from EFI\CLOVER\ACPI\patched: size=668 ... Success
7:008  0:004  CPUBase=0 and ApicCPUBase=1 ApicCPUNum=1
7:008  0:000  Maximum control=0x1C
7:008  0:000  Turbo control=0x22
7:008  0:000  P-States: min 0x4, max 0x22
7:008  0:000  SSDT with plugin-type without P-States is generated
7:008  0:000  Cleanup XSDT: count=33, length=300
7:008  0:000  corrected XSDT count=25, length=236
7:008  0:000  === [ RestSetup macOS ] ===================================
7:008  0:000  EdidDiscovered size=128
7:008  0:000  --- Discovered EDID Table size:128
7:008  0:000  000  |  00  FF  FF  FF  FF  FF  FF  00  09  E5
7:008  0:000  010  |  53  06  00  00  00  00  01  19  01  04
7:008  0:000  020  |  95  1F  11  78  02  32  40  A3  56  55
7:008  0:000  030  |  9E  26  0A  50  54  00  00  00  01  01
7:008  0:000  040  |  01  01  01  01  01  01  01  01  01  01
7:008  0:000  050  |  01  01  01  01  99  36  80  A0  70  38
7:008  0:000  060  |  28  40  30  20  36  00  35  AD  10  00
7:008  0:000  070  |  00  1A  AE  2B  80  A0  70  38  28  40
7:008  0:000  080  |  30  20  36  00  35  AD  10  00  00  1A
7:008  0:000  090  |  00  00  00  FE  00  36  4A  31  59  33
7:008  0:000  100  |  80  4E  56  31  34  4E  34  33  00  00
7:008  0:000  110  |  00  00  00  00  41  01  9E  00  10  00
7:008  0:000  120  |  00  0A  01  0A  20  20  00  35
7:008  0:000  Intel HD Graphics 520 [8086:1916] :: PciRoot(0x0)\Pci(0x2,0x0)
7:008  0:000    Found Full HD Display - 16:9 :: Width=1920 Height=1080
7:008  0:000    IntelHDMI: used
7:008  0:000    Beginning DualLink auto-detection
7:008  0:000    High Resolution Display
7:008  0:000    AAPL00,DualLink = 1
7:008  0:000    FakeID Intel GFX: not set
7:008  0:000    ig-platform-id = 0x19160000
7:008  0:000    Beginning Intel GFX auto-detection with ACPI injection
7:008  0:000    Found FakeID Intel GFX = 0x19168086
7:008  0:000  Intel GFX revision  = 0x7
7:008  0:000   RCBA disabled; cannot use it
7:008  0:000   setting specified layout-id=11 (0xB)
7:009  0:000  stringlength = 2844
7:009  0:000  CurrentMode: Width=1920 Height=1080
7:009  0:000  Beginning FSInjection
FSInjectionInstall ...
- Our FSI_SIMPLE_FILE_SYSTEM_PROTOCOL installed on handle: A8F93B98
FSInjectionInstall ...
- Our FSI_SIMPLE_FILE_SYSTEM_PROTOCOL installed on handle: A8F93B98
7:020  0:010  Use origin smbios table type 1 guid.
7:030  0:010    Force kext: System\Library\Extensions\IONVMeFamily.kext
7:075  0:044  Preparing kexts injection for arch=x86_64 from EFI\CLOVER\kexts\Other
7:075  0:000  Extra kext: EFI\CLOVER\kexts\Other\VoodooPS2Controller.kext (v.6.0.0)
7:100  0:024    |-- PlugIn kext: EFI\CLOVER\kexts\Other\VoodooPS2Controller.kext\Contents\PlugIns\VoodooPS2Trackpad.kext (v.6.0.0)
7:130  0:029    |-- PlugIn kext: EFI\CLOVER\kexts\Other\VoodooPS2Controller.kext\Contents\PlugIns\VoodooPS2Keyboard.kext (v.6.0.0)
7:167  0:037  Extra kext: EFI\CLOVER\kexts\Other\USBInjectAll.kext (v.0.6.2)
7:995  0:827  Extra kext: EFI\CLOVER\kexts\Other\Shiki.kext (v.2.2.7)
8:020  0:025  Extra kext: EFI\CLOVER\kexts\Other\Lilu.kext (v.1.2.4)
8:048  0:027  Extra kext: EFI\CLOVER\kexts\Other\IOAHCISerialATAPI_Injector.kext (v.1.0.0)
8:060  0:012  Extra kext: EFI\CLOVER\kexts\Other\IntelMausiEthernet.kext (v.2.3.0)
8:084  0:023  Extra kext: EFI\CLOVER\kexts\Other\IntelGraphicsFixup.kext (v.1.2.7)
8:114  0:030  Extra kext: EFI\CLOVER\kexts\Other\IntelGraphicsDVMTFixup.kext (v.1.2.2)
8:139  0:024  Extra kext: EFI\CLOVER\kexts\Other\FakeSMC_LPCSensors.kext (v.1787)
8:527  0:387  Extra kext: EFI\CLOVER\kexts\Other\FakeSMC_GPUSensors.kext (v.1787)
8:557  0:030  Extra kext: EFI\CLOVER\kexts\Other\FakeSMC_CPUSensors.kext (v.1787)
8:581  0:023  Extra kext: EFI\CLOVER\kexts\Other\FakeSMC_ACPISensors.kext (v.1787)
8:621  0:040  Extra kext: EFI\CLOVER\kexts\Other\FakeSMC.kext (v.1787)
8:660  0:039  Extra kext: EFI\CLOVER\kexts\Other\EFICheckDisabler.kext (v.0.5)
8:682  0:021  Extra kext: EFI\CLOVER\kexts\Other\AppleALC.kext (v.1.2.8)
9:590  0:907  Extra kext: EFI\CLOVER\kexts\Other\AirportBrcmFixup.kext (v.1.1.3)
9:632  0:042  Extra kext: EFI\CLOVER\kexts\Other\ACPIBatteryManager.kext (v.1.81.4)
9:673  0:041  SetStartupDiskVolume:
9:673  0:000    * Volume: 'Macintosh NVMe'
9:673  0:000    * LoaderPath: '<null string>'
9:673  0:000    * DevPath: Macintosh NVMe
9:673  0:000    * GUID = 5037FBF0-0318-01D4-F8F9-12288C01EA00
9:674  0:000    * efi-boot-device: <array><dict><key>IOMatch</key><dict><key>IOProviderClass</key><string>IOMedia</string><key>IOPropertyMatch</key><dict><key>UUID</key><string>5037FBF0-0318-01D4-F8F9-12288C01EA00</string></dict></dict></dict></array>
9:674  0:000  SetScreenResolution: 1920x1080 - already set
9:674  0:000  Custom boot is disabled
9:676  0:001  Closing log
